  лаб 5, вариант 8, 2.cpp
C:\Users\Антон\Desktop\Онимэ\лаб 5, вариант 8, 2\лаб 5, вариант 8, 2\лаб 5, вариант 8, 2.cpp(26,27): warning C4018: <: несоответствие типов со знаком и без знака
C:\Users\Антон\Desktop\Онимэ\лаб 5, вариант 8, 2\лаб 5, вариант 8, 2\лаб 5, вариант 8, 2.cpp(27,35): warning C4018: <: несоответствие типов со знаком и без знака
C:\Users\Антон\Desktop\Онимэ\лаб 5, вариант 8, 2\лаб 5, вариант 8, 2\лаб 5, вариант 8, 2.cpp(46,16): warning C4305: аргумент: усечение из "int" в "const _Elem"
          with
          [
              _Elem=char
          ]
C:\Users\Антон\Desktop\Онимэ\лаб 5, вариант 8, 2\лаб 5, вариант 8, 2\лаб 5, вариант 8, 2.cpp(46,11): warning C4309: аргумент: усечение константного значения
C:\Users\Антон\Desktop\Онимэ\лаб 5, вариант 8, 2\лаб 5, вариант 8, 2\лаб 5, вариант 8, 2.cpp(53,31): warning C4305: аргумент: усечение из "int" в "const _Elem"
          with
          [
              _Elem=char
          ]
C:\Users\Антон\Desktop\Онимэ\лаб 5, вариант 8, 2\лаб 5, вариант 8, 2\лаб 5, вариант 8, 2.cpp(53,26): warning C4309: аргумент: усечение константного значения
C:\Users\Антон\Desktop\Онимэ\лаб 5, вариант 8, 2\лаб 5, вариант 8, 2\лаб 5, вариант 8, 2.cpp(69,34): warning C4267: аргумент: преобразование из "size_t" в "const _Elem"; возможна потеря данных
          with
          [
              _Elem=char
          ]
C:\Users\Антон\Desktop\Онимэ\лаб 5, вариант 8, 2\лаб 5, вариант 8, 2\лаб 5, вариант 8, 2.cpp(70,34): warning C4267: аргумент: преобразование из "size_t" в "const _Elem"; возможна потеря данных
          with
          [
              _Elem=char
          ]
  лаб 5, вариант 8, 2.vcxproj -> C:\Users\Антон\Desktop\Онимэ\лаб 5, вариант 8, 2\Debug\лаб 5, вариант 8, 2.exe
